The target system is: Android - 1 - x86_64
The host system is: Darwin - 22.3.0 - x86_64
Compiling the CXX compiler identification source file "CMakeCXXCompilerId.cpp" succeeded.
Compiler: /Users/sandra/Library/Android/sdk/ndk/25.2.9519653/toolchains/llvm/prebuilt/darwin-x86_64/bin/clang++ 
Build flags: -g;-DANDROID;-fdata-sections;-ffunction-sections;-funwind-tables;-fstack-protector-strong;-no-canonical-prefixes;-D_FORTIFY_SOURCE=2;-Wformat;-Werror=format-security;;-DSPDLOG_COMPILED_LIB
Id flags: -c;--target=x86_64-none-linux-android21 

The output was:
0


Compilation of the CXX compiler identification source "CMakeCXXCompilerId.cpp" produced "CMakeCXXCompilerId.o"

The CXX compiler identification is Clang, found in "/Users/sandra/AndroidStudioProjects/rpo23/Project-RPO/spdlog/build/x86_64/CMakeFiles/3.22.1-g37088a8/CompilerIdCXX/CMakeCXXCompilerId.o"

Detecting CXX compiler ABI info compiled with the following output:
Change Dir: /Users/sandra/AndroidStudioProjects/rpo23/Project-RPO/spdlog/build/x86_64/CMakeFiles/CMakeTmp

Run Build Command(s):/usr/bin/make -f Makefile cmTC_2fceb/fast && /Library/Developer/CommandLineTools/usr/bin/make  -f CMakeFiles/cmTC_2fceb.dir/build.make CMakeFiles/cmTC_2fceb.dir/build
Building CXX object CMakeFiles/cmTC_2fceb.dir/CMakeCXXCompilerABI.cpp.o
/Users/sandra/Library/Android/sdk/ndk/25.2.9519653/toolchains/llvm/prebuilt/darwin-x86_64/bin/clang++ --target=x86_64-none-linux-android21 --sysroot=/Users/sandra/Library/Android/sdk/ndk/25.2.9519653/toolchains/llvm/prebuilt/darwin-x86_64/sysroot   -g -DANDROID -fdata-sections -ffunction-sections -funwind-tables -fstack-protector-strong -no-canonical-prefixes -D_FORTIFY_SOURCE=2 -Wformat  -DSPDLOG_COMPILED_LIB  -fPIE   -v -MD -MT CMakeFiles/cmTC_2fceb.dir/CMakeCXXCompilerABI.cpp.o -MF CMakeFiles/cmTC_2fceb.dir/CMakeCXXCompilerABI.cpp.o.d -o CMakeFiles/cmTC_2fceb.dir/CMakeCXXCompilerABI.cpp.o -c /Users/sandra/Library/Android/sdk/cmake/3.22.1/share/cmake-3.22/Modules/CMakeCXXCompilerABI.cpp
Android (9352603, based on r450784d1) clang version 14.0.7 (https://android.googlesource.com/toolchain/llvm-project 4c603efb0cca074e9238af8b4106c30add4418f6)
Target: x86_64-none-linux-android21
Thread model: posix
InstalledDir: /Users/sandra/Library/Android/sdk/ndk/25.2.9519653/toolchains/llvm/prebuilt/darwin-x86_64/bin
 (in-process)
 "/Users/sandra/Library/Android/sdk/ndk/25.2.9519653/toolchains/llvm/prebuilt/darwin-x86_64/bin/clang++" -cc1 -triple x86_64-none-linux-android21 -emit-obj -mrelax-all --mrelax-relocations -disable-free -clear-ast-before-backend -disable-llvm-verifier -discard-value-names -main-file-name CMakeCXXCompilerABI.cpp -mrelocation-model pic -pic-level 2 -pic-is-pie -mframe-pointer=all -ffp-contract=on -fno-rounding-math -mconstructor-aliases -funwind-tables=2 -target-cpu x86-64 -target-feature +sse4.2 -target-feature +popcnt -target-feature +cx16 -tune-cpu generic -mllvm -treat-scalable-fixed-error-as-warning -debug-info-kind=constructor -dwarf-version=4 -debugger-tuning=gdb -target-linker-version 14.0.7 -v -ffunction-sections -fdata-sections -fcoverage-compilation-dir=/Users/sandra/AndroidStudioProjects/rpo23/Project-RPO/spdlog/build/x86_64/CMakeFiles/CMakeTmp -resource-dir /Users/sandra/Library/Android/sdk/ndk/25.2.9519653/toolchains/llvm/prebuilt/darwin-x86_64/lib64/clang/14.0.7 -dependency-file CMakeFiles/cmTC_2fceb.dir/CMakeCXXCompilerABI.cpp.o.d -MT CMakeFiles/cmTC_2fceb.dir/CMakeCXXCompilerABI.cpp.o -sys-header-deps -D ANDROID -D _FORTIFY_SOURCE=2 -D SPDLOG_COMPILED_LIB -isysroot /Users/sandra/Library/Android/sdk/ndk/25.2.9519653/toolchains/llvm/prebuilt/darwin-x86_64/sysroot -internal-isystem /Users/sandra/Library/Android/sdk/ndk/25.2.9519653/toolchains/llvm/prebuilt/darwin-x86_64/sysroot/usr/include/c++/v1 -internal-isystem /Users/sandra/Library/Android/sdk/ndk/25.2.9519653/toolchains/llvm/prebuilt/darwin-x86_64/lib64/clang/14.0.7/include -internal-isystem /Users/sandra/Library/Android/sdk/ndk/25.2.9519653/toolchains/llvm/prebuilt/darwin-x86_64/sysroot/usr/local/include -internal-externc-isystem /Users/sandra/Library/Android/sdk/ndk/25.2.9519653/toolchains/llvm/prebuilt/darwin-x86_64/sysroot/usr/include/x86_64-linux-android -internal-externc-isystem /Users/sandra/Library/Android/sdk/ndk/25.2.9519653/toolchains/llvm/prebuilt/darwin-x86_64/sysroot/include -internal-externc-isystem /Users/sandra/Library/Android/sdk/ndk/25.2.9519653/toolchains/llvm/prebuilt/darwin-x86_64/sysroot/usr/include -Wformat -fdeprecated-macro -fdebug-compilation-dir=/Users/sandra/AndroidStudioProjects/rpo23/Project-RPO/spdlog/build/x86_64/CMakeFiles/CMakeTmp -ferror-limit 19 -stack-protector 2 -fgnuc-version=4.2.1 -fcxx-exceptions -fexceptions -D__GCC_HAVE_DWARF2_CFI_ASM=1 -o CMakeFiles/cmTC_2fceb.dir/CMakeCXXCompilerABI.cpp.o -x c++ /Users/sandra/Library/Android/sdk/cmake/3.22.1/share/cmake-3.22/Modules/CMakeCXXCompilerABI.cpp
clang -cc1 version 14.0.7 based upon LLVM 14.0.7git default target x86_64-apple-darwin22.3.0
ignoring nonexistent directory "/Users/sandra/Library/Android/sdk/ndk/25.2.9519653/toolchains/llvm/prebuilt/darwin-x86_64/sysroot/include"
#include "..." search starts here:
#include <...> search starts here:
 /Users/sandra/Library/Android/sdk/ndk/25.2.9519653/toolchains/llvm/prebuilt/darwin-x86_64/sysroot/usr/include/c++/v1
 /Users/sandra/Library/Android/sdk/ndk/25.2.9519653/toolchains/llvm/prebuilt/darwin-x86_64/lib64/clang/14.0.7/include
 /Users/sandra/Library/Android/sdk/ndk/25.2.9519653/toolchains/llvm/prebuilt/darwin-x86_64/sysroot/usr/local/include
 /Users/sandra/Library/Android/sdk/ndk/25.2.9519653/toolchains/llvm/prebuilt/darwin-x86_64/sysroot/usr/include/x86_64-linux-android
 /Users/sandra/Library/Android/sdk/ndk/25.2.9519653/toolchains/llvm/prebuilt/darwin-x86_64/sysroot/usr/include
End of search list.
Linking CXX executable cmTC_2fceb
/Users/sandra/Library/Android/sdk/cmake/3.22.1/bin/cmake -E cmake_link_script CMakeFiles/cmTC_2fceb.dir/link.txt --verbose=1
/Users/sandra/Library/Android/sdk/ndk/25.2.9519653/toolchains/llvm/prebuilt/darwin-x86_64/bin/clang++ --target=x86_64-none-linux-android21 --sysroot=/Users/sandra/Library/Android/sdk/ndk/25.2.9519653/toolchains/llvm/prebuilt/darwin-x86_64/sysroot -g -DANDROID -fdata-sections -ffunction-sections -funwind-tables -fstack-protector-strong -no-canonical-prefixes -D_FORTIFY_SOURCE=2 -Wformat  -DSPDLOG_COMPILED_LIB  -static-libstdc++ -Wl,--build-id=sha1 -Wl,--no-rosegment -Wl,--fatal-warnings -Wl,--no-undefined -Qunused-arguments   -v CMakeFiles/cmTC_2fceb.dir/CMakeCXXCompilerABI.cpp.o -o cmTC_2fceb 
Android (9352603, based on r450784d1) clang version 14.0.7 (https://android.googlesource.com/toolchain/llvm-project 4c603efb0cca074e9238af8b4106c30add4418f6)
Target: x86_64-none-linux-android21
Thread model: posix
InstalledDir: /Users/sandra/Library/Android/sdk/ndk/25.2.9519653/toolchains/llvm/prebuilt/darwin-x86_64/bin
 "/Users/sandra/Library/Android/sdk/ndk/25.2.9519653/toolchains/llvm/prebuilt/darwin-x86_64/bin/ld" --sysroot=/Users/sandra/Library/Android/sdk/ndk/25.2.9519653/toolchains/llvm/prebuilt/darwin-x86_64/sysroot -pie --warn-shared-textrel -z now -z relro --hash-style=both --enable-new-dtags --eh-frame-hdr -m elf_x86_64 -dynamic-linker /system/bin/linker64 -o cmTC_2fceb /Users/sandra/Library/Android/sdk/ndk/25.2.9519653/toolchains/llvm/prebuilt/darwin-x86_64/sysroot/usr/lib/x86_64-linux-android/21/crtbegin_dynamic.o -L/Users/sandra/Library/Android/sdk/ndk/25.2.9519653/toolchains/llvm/prebuilt/darwin-x86_64/lib64/clang/14.0.7/lib/linux/x86_64 -L/Users/sandra/Library/Android/sdk/ndk/25.2.9519653/toolchains/llvm/prebuilt/darwin-x86_64/sysroot/usr/lib/x86_64-linux-android/21 -L/Users/sandra/Library/Android/sdk/ndk/25.2.9519653/toolchains/llvm/prebuilt/darwin-x86_64/sysroot/usr/lib/x86_64-linux-android -L/Users/sandra/Library/Android/sdk/ndk/25.2.9519653/toolchains/llvm/prebuilt/darwin-x86_64/sysroot/usr/lib --build-id=sha1 --no-rosegment --fatal-warnings --no-undefined CMakeFiles/cmTC_2fceb.dir/CMakeCXXCompilerABI.cpp.o -Bstatic -lc++ -Bdynamic -lm /Users/sandra/Library/Android/sdk/ndk/25.2.9519653/toolchains/llvm/prebuilt/darwin-x86_64/lib64/clang/14.0.7/lib/linux/libclang_rt.builtins-x86_64-android.a -l:libunwind.a -ldl -lc /Users/sandra/Library/Android/sdk/ndk/25.2.9519653/toolchains/llvm/prebuilt/darwin-x86_64/lib64/clang/14.0.7/lib/linux/libclang_rt.builtins-x86_64-android.a -l:libunwind.a -ldl /Users/sandra/Library/Android/sdk/ndk/25.2.9519653/toolchains/llvm/prebuilt/darwin-x86_64/sysroot/usr/lib/x86_64-linux-android/21/crtend_android.o



Parsed CXX implicit include dir info from above output: rv=done
  found start of include info
  found start of implicit include info
    add: [/Users/sandra/Library/Android/sdk/ndk/25.2.9519653/toolchains/llvm/prebuilt/darwin-x86_64/sysroot/usr/include/c++/v1]
    add: [/Users/sandra/Library/Android/sdk/ndk/25.2.9519653/toolchains/llvm/prebuilt/darwin-x86_64/lib64/clang/14.0.7/include]
    add: [/Users/sandra/Library/Android/sdk/ndk/25.2.9519653/toolchains/llvm/prebuilt/darwin-x86_64/sysroot/usr/local/include]
    add: [/Users/sandra/Library/Android/sdk/ndk/25.2.9519653/toolchains/llvm/prebuilt/darwin-x86_64/sysroot/usr/include/x86_64-linux-android]
    add: [/Users/sandra/Library/Android/sdk/ndk/25.2.9519653/toolchains/llvm/prebuilt/darwin-x86_64/sysroot/usr/include]
  end of search list found
  collapse include dir [/Users/sandra/Library/Android/sdk/ndk/25.2.9519653/toolchains/llvm/prebuilt/darwin-x86_64/sysroot/usr/include/c++/v1] ==> [/Users/sandra/Library/Android/sdk/ndk/25.2.9519653/toolchains/llvm/prebuilt/darwin-x86_64/sysroot/usr/include/c++/v1]
  collapse include dir [/Users/sandra/Library/Android/sdk/ndk/25.2.9519653/toolchains/llvm/prebuilt/darwin-x86_64/lib64/clang/14.0.7/include] ==> [/Users/sandra/Library/Android/sdk/ndk/25.2.9519653/toolchains/llvm/prebuilt/darwin-x86_64/lib64/clang/14.0.7/include]
  collapse include dir [/Users/sandra/Library/Android/sdk/ndk/25.2.9519653/toolchains/llvm/prebuilt/darwin-x86_64/sysroot/usr/local/include] ==> [/Users/sandra/Library/Android/sdk/ndk/25.2.9519653/toolchains/llvm/prebuilt/darwin-x86_64/sysroot/usr/local/include]
  collapse include dir [/Users/sandra/Library/Android/sdk/ndk/25.2.9519653/toolchains/llvm/prebuilt/darwin-x86_64/sysroot/usr/include/x86_64-linux-android] ==> [/Users/sandra/Library/Android/sdk/ndk/25.2.9519653/toolchains/llvm/prebuilt/darwin-x86_64/sysroot/usr/include/x86_64-linux-android]
  collapse include dir [/Users/sandra/Library/Android/sdk/ndk/25.2.9519653/toolchains/llvm/prebuilt/darwin-x86_64/sysroot/usr/include] ==> [/Users/sandra/Library/Android/sdk/ndk/25.2.9519653/toolchains/llvm/prebuilt/darwin-x86_64/sysroot/usr/include]
  implicit include dirs: [/Users/sandra/Library/Android/sdk/ndk/25.2.9519653/toolchains/llvm/prebuilt/darwin-x86_64/sysroot/usr/include/c++/v1;/Users/sandra/Library/Android/sdk/ndk/25.2.9519653/toolchains/llvm/prebuilt/darwin-x86_64/lib64/clang/14.0.7/include;/Users/sandra/Library/Android/sdk/ndk/25.2.9519653/toolchains/llvm/prebuilt/darwin-x86_64/sysroot/usr/local/include;/Users/sandra/Library/Android/sdk/ndk/25.2.9519653/toolchains/llvm/prebuilt/darwin-x86_64/sysroot/usr/include/x86_64-linux-android;/Users/sandra/Library/Android/sdk/ndk/25.2.9519653/toolchains/llvm/prebuilt/darwin-x86_64/sysroot/usr/include]


Parsed CXX implicit link information from above output:
  link line regex: [^( *|.*[/\])(ld\.lld|CMAKE_LINK_STARTFILE-NOTFOUND|([^/\]+-)?ld|collect2)[^/\]*( |$)]
  ignore line: [Change Dir: /Users/sandra/AndroidStudioProjects/rpo23/Project-RPO/spdlog/build/x86_64/CMakeFiles/CMakeTmp]
  ignore line: []
  ignore line: [Run Build Command(s):/usr/bin/make -f Makefile cmTC_2fceb/fast && /Library/Developer/CommandLineTools/usr/bin/make  -f CMakeFiles/cmTC_2fceb.dir/build.make CMakeFiles/cmTC_2fceb.dir/build]
  ignore line: [Building CXX object CMakeFiles/cmTC_2fceb.dir/CMakeCXXCompilerABI.cpp.o]
  ignore line: [/Users/sandra/Library/Android/sdk/ndk/25.2.9519653/toolchains/llvm/prebuilt/darwin-x86_64/bin/clang++ --target=x86_64-none-linux-android21 --sysroot=/Users/sandra/Library/Android/sdk/ndk/25.2.9519653/toolchains/llvm/prebuilt/darwin-x86_64/sysroot   -g -DANDROID -fdata-sections -ffunction-sections -funwind-tables -fstack-protector-strong -no-canonical-prefixes -D_FORTIFY_SOURCE=2 -Wformat  -DSPDLOG_COMPILED_LIB  -fPIE   -v -MD -MT CMakeFiles/cmTC_2fceb.dir/CMakeCXXCompilerABI.cpp.o -MF CMakeFiles/cmTC_2fceb.dir/CMakeCXXCompilerABI.cpp.o.d -o CMakeFiles/cmTC_2fceb.dir/CMakeCXXCompilerABI.cpp.o -c /Users/sandra/Library/Android/sdk/cmake/3.22.1/share/cmake-3.22/Modules/CMakeCXXCompilerABI.cpp]
  ignore line: [Android (9352603  based on r450784d1) clang version 14.0.7 (https://android.googlesource.com/toolchain/llvm-project 4c603efb0cca074e9238af8b4106c30add4418f6)]
  ignore line: [Target: x86_64-none-linux-android21]
  ignore line: [Thread model: posix]
  ignore line: [InstalledDir: /Users/sandra/Library/Android/sdk/ndk/25.2.9519653/toolchains/llvm/prebuilt/darwin-x86_64/bin]
  ignore line: [ (in-process)]
  ignore line: [ "/Users/sandra/Library/Android/sdk/ndk/25.2.9519653/toolchains/llvm/prebuilt/darwin-x86_64/bin/clang++" -cc1 -triple x86_64-none-linux-android21 -emit-obj -mrelax-all --mrelax-relocations -disable-free -clear-ast-before-backend -disable-llvm-verifier -discard-value-names -main-file-name CMakeCXXCompilerABI.cpp -mrelocation-model pic -pic-level 2 -pic-is-pie -mframe-pointer=all -ffp-contract=on -fno-rounding-math -mconstructor-aliases -funwind-tables=2 -target-cpu x86-64 -target-feature +sse4.2 -target-feature +popcnt -target-feature +cx16 -tune-cpu generic -mllvm -treat-scalable-fixed-error-as-warning -debug-info-kind=constructor -dwarf-version=4 -debugger-tuning=gdb -target-linker-version 14.0.7 -v -ffunction-sections -fdata-sections -fcoverage-compilation-dir=/Users/sandra/AndroidStudioProjects/rpo23/Project-RPO/spdlog/build/x86_64/CMakeFiles/CMakeTmp -resource-dir /Users/sandra/Library/Android/sdk/ndk/25.2.9519653/toolchains/llvm/prebuilt/darwin-x86_64/lib64/clang/14.0.7 -dependency-file CMakeFiles/cmTC_2fceb.dir/CMakeCXXCompilerABI.cpp.o.d -MT CMakeFiles/cmTC_2fceb.dir/CMakeCXXCompilerABI.cpp.o -sys-header-deps -D ANDROID -D _FORTIFY_SOURCE=2 -D SPDLOG_COMPILED_LIB -isysroot /Users/sandra/Library/Android/sdk/ndk/25.2.9519653/toolchains/llvm/prebuilt/darwin-x86_64/sysroot -internal-isystem /Users/sandra/Library/Android/sdk/ndk/25.2.9519653/toolchains/llvm/prebuilt/darwin-x86_64/sysroot/usr/include/c++/v1 -internal-isystem /Users/sandra/Library/Android/sdk/ndk/25.2.9519653/toolchains/llvm/prebuilt/darwin-x86_64/lib64/clang/14.0.7/include -internal-isystem /Users/sandra/Library/Android/sdk/ndk/25.2.9519653/toolchains/llvm/prebuilt/darwin-x86_64/sysroot/usr/local/include -internal-externc-isystem /Users/sandra/Library/Android/sdk/ndk/25.2.9519653/toolchains/llvm/prebuilt/darwin-x86_64/sysroot/usr/include/x86_64-linux-android -internal-externc-isystem /Users/sandra/Library/Android/sdk/ndk/25.2.9519653/toolchains/llvm/prebuilt/darwin-x86_64/sysroot/include -internal-externc-isystem /Users/sandra/Library/Android/sdk/ndk/25.2.9519653/toolchains/llvm/prebuilt/darwin-x86_64/sysroot/usr/include -Wformat -fdeprecated-macro -fdebug-compilation-dir=/Users/sandra/AndroidStudioProjects/rpo23/Project-RPO/spdlog/build/x86_64/CMakeFiles/CMakeTmp -ferror-limit 19 -stack-protector 2 -fgnuc-version=4.2.1 -fcxx-exceptions -fexceptions -D__GCC_HAVE_DWARF2_CFI_ASM=1 -o CMakeFiles/cmTC_2fceb.dir/CMakeCXXCompilerABI.cpp.o -x c++ /Users/sandra/Library/Android/sdk/cmake/3.22.1/share/cmake-3.22/Modules/CMakeCXXCompilerABI.cpp]
  ignore line: [clang -cc1 version 14.0.7 based upon LLVM 14.0.7git default target x86_64-apple-darwin22.3.0]
  ignore line: [ignoring nonexistent directory "/Users/sandra/Library/Android/sdk/ndk/25.2.9519653/toolchains/llvm/prebuilt/darwin-x86_64/sysroot/include"]
  ignore line: [#include "..." search starts here:]
  ignore line: [#include <...> search starts here:]
  ignore line: [ /Users/sandra/Library/Android/sdk/ndk/25.2.9519653/toolchains/llvm/prebuilt/darwin-x86_64/sysroot/usr/include/c++/v1]
  ignore line: [ /Users/sandra/Library/Android/sdk/ndk/25.2.9519653/toolchains/llvm/prebuilt/darwin-x86_64/lib64/clang/14.0.7/include]
  ignore line: [ /Users/sandra/Library/Android/sdk/ndk/25.2.9519653/toolchains/llvm/prebuilt/darwin-x86_64/sysroot/usr/local/include]
  ignore line: [ /Users/sandra/Library/Android/sdk/ndk/25.2.9519653/toolchains/llvm/prebuilt/darwin-x86_64/sysroot/usr/include/x86_64-linux-android]
  ignore line: [ /Users/sandra/Library/Android/sdk/ndk/25.2.9519653/toolchains/llvm/prebuilt/darwin-x86_64/sysroot/usr/include]
  ignore line: [End of search list.]
  ignore line: [Linking CXX executable cmTC_2fceb]
  ignore line: [/Users/sandra/Library/Android/sdk/cmake/3.22.1/bin/cmake -E cmake_link_script CMakeFiles/cmTC_2fceb.dir/link.txt --verbose=1]
  ignore line: [/Users/sandra/Library/Android/sdk/ndk/25.2.9519653/toolchains/llvm/prebuilt/darwin-x86_64/bin/clang++ --target=x86_64-none-linux-android21 --sysroot=/Users/sandra/Library/Android/sdk/ndk/25.2.9519653/toolchains/llvm/prebuilt/darwin-x86_64/sysroot -g -DANDROID -fdata-sections -ffunction-sections -funwind-tables -fstack-protector-strong -no-canonical-prefixes -D_FORTIFY_SOURCE=2 -Wformat  -DSPDLOG_COMPILED_LIB  -static-libstdc++ -Wl --build-id=sha1 -Wl --no-rosegment -Wl --fatal-warnings -Wl --no-undefined -Qunused-arguments   -v CMakeFiles/cmTC_2fceb.dir/CMakeCXXCompilerABI.cpp.o -o cmTC_2fceb ]
  ignore line: [Android (9352603  based on r450784d1) clang version 14.0.7 (https://android.googlesource.com/toolchain/llvm-project 4c603efb0cca074e9238af8b4106c30add4418f6)]
  ignore line: [Target: x86_64-none-linux-android21]
  ignore line: [Thread model: posix]
  ignore line: [InstalledDir: /Users/sandra/Library/Android/sdk/ndk/25.2.9519653/toolchains/llvm/prebuilt/darwin-x86_64/bin]
  link line: [ "/Users/sandra/Library/Android/sdk/ndk/25.2.9519653/toolchains/llvm/prebuilt/darwin-x86_64/bin/ld" --sysroot=/Users/sandra/Library/Android/sdk/ndk/25.2.9519653/toolchains/llvm/prebuilt/darwin-x86_64/sysroot -pie --warn-shared-textrel -z now -z relro --hash-style=both --enable-new-dtags --eh-frame-hdr -m elf_x86_64 -dynamic-linker /system/bin/linker64 -o cmTC_2fceb /Users/sandra/Library/Android/sdk/ndk/25.2.9519653/toolchains/llvm/prebuilt/darwin-x86_64/sysroot/usr/lib/x86_64-linux-android/21/crtbegin_dynamic.o -L/Users/sandra/Library/Android/sdk/ndk/25.2.9519653/toolchains/llvm/prebuilt/darwin-x86_64/lib64/clang/14.0.7/lib/linux/x86_64 -L/Users/sandra/Library/Android/sdk/ndk/25.2.9519653/toolchains/llvm/prebuilt/darwin-x86_64/sysroot/usr/lib/x86_64-linux-android/21 -L/Users/sandra/Library/Android/sdk/ndk/25.2.9519653/toolchains/llvm/prebuilt/darwin-x86_64/sysroot/usr/lib/x86_64-linux-android -L/Users/sandra/Library/Android/sdk/ndk/25.2.9519653/toolchains/llvm/prebuilt/darwin-x86_64/sysroot/usr/lib --build-id=sha1 --no-rosegment --fatal-warnings --no-undefined CMakeFiles/cmTC_2fceb.dir/CMakeCXXCompilerABI.cpp.o -Bstatic -lc++ -Bdynamic -lm /Users/sandra/Library/Android/sdk/ndk/25.2.9519653/toolchains/llvm/prebuilt/darwin-x86_64/lib64/clang/14.0.7/lib/linux/libclang_rt.builtins-x86_64-android.a -l:libunwind.a -ldl -lc /Users/sandra/Library/Android/sdk/ndk/25.2.9519653/toolchains/llvm/prebuilt/darwin-x86_64/lib64/clang/14.0.7/lib/linux/libclang_rt.builtins-x86_64-android.a -l:libunwind.a -ldl /Users/sandra/Library/Android/sdk/ndk/25.2.9519653/toolchains/llvm/prebuilt/darwin-x86_64/sysroot/usr/lib/x86_64-linux-android/21/crtend_android.o]
    arg [/Users/sandra/Library/Android/sdk/ndk/25.2.9519653/toolchains/llvm/prebuilt/darwin-x86_64/bin/ld] ==> ignore
    arg [--sysroot=/Users/sandra/Library/Android/sdk/ndk/25.2.9519653/toolchains/llvm/prebuilt/darwin-x86_64/sysroot] ==> ignore
    arg [-pie] ==> ignore
    arg [--warn-shared-textrel] ==> ignore
    arg [-znow] ==> ignore
    arg [-zrelro] ==> ignore
    arg [--hash-style=both] ==> ignore
    arg [--enable-new-dtags] ==> ignore
    arg [--eh-frame-hdr] ==> ignore
    arg [-m] ==> ignore
    arg [elf_x86_64] ==> ignore
    arg [-dynamic-linker] ==> ignore
    arg [/system/bin/linker64] ==> ignore
    arg [-o] ==> ignore
    arg [cmTC_2fceb] ==> ignore
    arg [/Users/sandra/Library/Android/sdk/ndk/25.2.9519653/toolchains/llvm/prebuilt/darwin-x86_64/sysroot/usr/lib/x86_64-linux-android/21/crtbegin_dynamic.o] ==> obj [/Users/sandra/Library/Android/sdk/ndk/25.2.9519653/toolchains/llvm/prebuilt/darwin-x86_64/sysroot/usr/lib/x86_64-linux-android/21/crtbegin_dynamic.o]
    arg [-L/Users/sandra/Library/Android/sdk/ndk/25.2.9519653/toolchains/llvm/prebuilt/darwin-x86_64/lib64/clang/14.0.7/lib/linux/x86_64] ==> dir [/Users/sandra/Library/Android/sdk/ndk/25.2.9519653/toolchains/llvm/prebuilt/darwin-x86_64/lib64/clang/14.0.7/lib/linux/x86_64]
    arg [-L/Users/sandra/Library/Android/sdk/ndk/25.2.9519653/toolchains/llvm/prebuilt/darwin-x86_64/sysroot/usr/lib/x86_64-linux-android/21] ==> dir [/Users/sandra/Library/Android/sdk/ndk/25.2.9519653/toolchains/llvm/prebuilt/darwin-x86_64/sysroot/usr/lib/x86_64-linux-android/21]
    arg [-L/Users/sandra/Library/Android/sdk/ndk/25.2.9519653/toolchains/llvm/prebuilt/darwin-x86_64/sysroot/usr/lib/x86_64-linux-android] ==> dir [/Users/sandra/Library/Android/sdk/ndk/25.2.9519653/toolchains/llvm/prebuilt/darwin-x86_64/sysroot/usr/lib/x86_64-linux-android]
    arg [-L/Users/sandra/Library/Android/sdk/ndk/25.2.9519653/toolchains/llvm/prebuilt/darwin-x86_64/sysroot/usr/lib] ==> dir [/Users/sandra/Library/Android/sdk/ndk/25.2.9519653/toolchains/llvm/prebuilt/darwin-x86_64/sysroot/usr/lib]
    arg [--build-id=sha1] ==> ignore
    arg [--no-rosegment] ==> ignore
    arg [--fatal-warnings] ==> ignore
    arg [--no-undefined] ==> ignore
    arg [CMakeFiles/cmTC_2fceb.dir/CMakeCXXCompilerABI.cpp.o] ==> ignore
    arg [-Bstatic] ==> search static
    arg [-lc++] ==> lib [c++]
    arg [-Bdynamic] ==> search dynamic
    arg [-lm] ==> lib [m]
    arg [/Users/sandra/Library/Android/sdk/ndk/25.2.9519653/toolchains/llvm/prebuilt/darwin-x86_64/lib64/clang/14.0.7/lib/linux/libclang_rt.builtins-x86_64-android.a] ==> lib [/Users/sandra/Library/Android/sdk/ndk/25.2.9519653/toolchains/llvm/prebuilt/darwin-x86_64/lib64/clang/14.0.7/lib/linux/libclang_rt.builtins-x86_64-android.a]
    arg [-l:libunwind.a] ==> lib [-l:libunwind.a]
    arg [-ldl] ==> lib [dl]
    arg [-lc] ==> lib [c]
    arg [/Users/sandra/Library/Android/sdk/ndk/25.2.9519653/toolchains/llvm/prebuilt/darwin-x86_64/lib64/clang/14.0.7/lib/linux/libclang_rt.builtins-x86_64-android.a] ==> lib [/Users/sandra/Library/Android/sdk/ndk/25.2.9519653/toolchains/llvm/prebuilt/darwin-x86_64/lib64/clang/14.0.7/lib/linux/libclang_rt.builtins-x86_64-android.a]
    arg [-l:libunwind.a] ==> lib [-l:libunwind.a]
    arg [-ldl] ==> lib [dl]
    arg [/Users/sandra/Library/Android/sdk/ndk/25.2.9519653/toolchains/llvm/prebuilt/darwin-x86_64/sysroot/usr/lib/x86_64-linux-android/21/crtend_android.o] ==> obj [/Users/sandra/Library/Android/sdk/ndk/25.2.9519653/toolchains/llvm/prebuilt/darwin-x86_64/sysroot/usr/lib/x86_64-linux-android/21/crtend_android.o]
  remove lib [/Users/sandra/Library/Android/sdk/ndk/25.2.9519653/toolchains/llvm/prebuilt/darwin-x86_64/lib64/clang/14.0.7/lib/linux/libclang_rt.builtins-x86_64-android.a]
  remove lib [/Users/sandra/Library/Android/sdk/ndk/25.2.9519653/toolchains/llvm/prebuilt/darwin-x86_64/lib64/clang/14.0.7/lib/linux/libclang_rt.builtins-x86_64-android.a]
  collapse library dir [/Users/sandra/Library/Android/sdk/ndk/25.2.9519653/toolchains/llvm/prebuilt/darwin-x86_64/lib64/clang/14.0.7/lib/linux/x86_64] ==> [/Users/sandra/Library/Android/sdk/ndk/25.2.9519653/toolchains/llvm/prebuilt/darwin-x86_64/lib64/clang/14.0.7/lib/linux/x86_64]
  collapse library dir [/Users/sandra/Library/Android/sdk/ndk/25.2.9519653/toolchains/llvm/prebuilt/darwin-x86_64/sysroot/usr/lib/x86_64-linux-android/21] ==> [/Users/sandra/Library/Android/sdk/ndk/25.2.9519653/toolchains/llvm/prebuilt/darwin-x86_64/sysroot/usr/lib/x86_64-linux-android/21]
  collapse library dir [/Users/sandra/Library/Android/sdk/ndk/25.2.9519653/toolchains/llvm/prebuilt/darwin-x86_64/sysroot/usr/lib/x86_64-linux-android] ==> [/Users/sandra/Library/Android/sdk/ndk/25.2.9519653/toolchains/llvm/prebuilt/darwin-x86_64/sysroot/usr/lib/x86_64-linux-android]
  collapse library dir [/Users/sandra/Library/Android/sdk/ndk/25.2.9519653/toolchains/llvm/prebuilt/darwin-x86_64/sysroot/usr/lib] ==> [/Users/sandra/Library/Android/sdk/ndk/25.2.9519653/toolchains/llvm/prebuilt/darwin-x86_64/sysroot/usr/lib]
  implicit libs: [c++;m;-l:libunwind.a;dl;c;-l:libunwind.a;dl]
  implicit objs: [/Users/sandra/Library/Android/sdk/ndk/25.2.9519653/toolchains/llvm/prebuilt/darwin-x86_64/sysroot/usr/lib/x86_64-linux-android/21/crtbegin_dynamic.o;/Users/sandra/Library/Android/sdk/ndk/25.2.9519653/toolchains/llvm/prebuilt/darwin-x86_64/sysroot/usr/lib/x86_64-linux-android/21/crtend_android.o]
  implicit dirs: [/Users/sandra/Library/Android/sdk/ndk/25.2.9519653/toolchains/llvm/prebuilt/darwin-x86_64/lib64/clang/14.0.7/lib/linux/x86_64;/Users/sandra/Library/Android/sdk/ndk/25.2.9519653/toolchains/llvm/prebuilt/darwin-x86_64/sysroot/usr/lib/x86_64-linux-android/21;/Users/sandra/Library/Android/sdk/ndk/25.2.9519653/toolchains/llvm/prebuilt/darwin-x86_64/sysroot/usr/lib/x86_64-linux-android;/Users/sandra/Library/Android/sdk/ndk/25.2.9519653/toolchains/llvm/prebuilt/darwin-x86_64/sysroot/usr/lib]
  implicit fwks: []


Determining if the include file pthread.h exists passed with the following output:
Change Dir: /Users/sandra/AndroidStudioProjects/rpo23/Project-RPO/spdlog/build/x86_64/CMakeFiles/CMakeTmp

Run Build Command(s):/usr/bin/make -f Makefile cmTC_805ce/fast && /Library/Developer/CommandLineTools/usr/bin/make  -f CMakeFiles/cmTC_805ce.dir/build.make CMakeFiles/cmTC_805ce.dir/build
Building CXX object CMakeFiles/cmTC_805ce.dir/CheckIncludeFile.cxx.o
/Users/sandra/Library/Android/sdk/ndk/25.2.9519653/toolchains/llvm/prebuilt/darwin-x86_64/bin/clang++ --target=x86_64-none-linux-android21 --sysroot=/Users/sandra/Library/Android/sdk/ndk/25.2.9519653/toolchains/llvm/prebuilt/darwin-x86_64/sysroot   -g -DANDROID -fdata-sections -ffunction-sections -funwind-tables -fstack-protector-strong -no-canonical-prefixes -D_FORTIFY_SOURCE=2 -Wformat -Werror=format-security  -DSPDLOG_COMPILED_LIB  -fPIE -std=c++11 -MD -MT CMakeFiles/cmTC_805ce.dir/CheckIncludeFile.cxx.o -MF CMakeFiles/cmTC_805ce.dir/CheckIncludeFile.cxx.o.d -o CMakeFiles/cmTC_805ce.dir/CheckIncludeFile.cxx.o -c /Users/sandra/AndroidStudioProjects/rpo23/Project-RPO/spdlog/build/x86_64/CMakeFiles/CMakeTmp/CheckIncludeFile.cxx
Linking CXX executable cmTC_805ce
/Users/sandra/Library/Android/sdk/cmake/3.22.1/bin/cmake -E cmake_link_script CMakeFiles/cmTC_805ce.dir/link.txt --verbose=1
/Users/sandra/Library/Android/sdk/ndk/25.2.9519653/toolchains/llvm/prebuilt/darwin-x86_64/bin/clang++ --target=x86_64-none-linux-android21 --sysroot=/Users/sandra/Library/Android/sdk/ndk/25.2.9519653/toolchains/llvm/prebuilt/darwin-x86_64/sysroot -g -DANDROID -fdata-sections -ffunction-sections -funwind-tables -fstack-protector-strong -no-canonical-prefixes -D_FORTIFY_SOURCE=2 -Wformat -Werror=format-security  -DSPDLOG_COMPILED_LIB  -static-libstdc++ -Wl,--build-id=sha1 -Wl,--no-rosegment -Wl,--fatal-warnings -Wl,--no-undefined -Qunused-arguments    CMakeFiles/cmTC_805ce.dir/CheckIncludeFile.cxx.o -o cmTC_805ce  -latomic -lm 



